<?xml version="1.0" encoding="UTF-8"?>
<!-- Generated by org.testng.reporters.JUnitReportReporter -->
<testsuite skipped="0" hostname="DESKTOP-4BNN8P3" name="TalkyExercise.Testcase1" tests="1" failures="0" timestamp="2020-07-20T13:06:14 IST" time="13.578" errors="0">
  <testcase name="Test1" time="13.578" classname="TalkyExercise.Testcase1"/>
  <system-out/>
</testsuite> <!-- TalkyExercise.Testcase1 -->
