<?xml version="1.0" encoding="UTF-8"?>
<!-- Generated by org.testng.reporters.JUnitReportReporter -->
<testsuite skipped="0" hostname="DESKTOP-4BNN8P3" name="TalkyExercise.Testcase" tests="5" failures="0" timestamp="2020-07-20T15:37:51 IST" time="126.814" errors="0">
  <testcase name="Test1" time="23.868" classname="TalkyExercise.Testcase"/>
  <system-out/>
  <testcase name="Test1" time="26.190" classname="TalkyExercise.Testcase"/>
  <system-out/>
  <testcase name="Test1" time="27.163" classname="TalkyExercise.Testcase"/>
  <system-out/>
  <testcase name="Test1" time="24.299" classname="TalkyExercise.Testcase"/>
  <system-out/>
  <testcase name="Test1" time="25.294" classname="TalkyExercise.Testcase"/>
  <system-out/>
</testsuite> <!-- TalkyExercise.Testcase -->
